0 info it worked if it ends with ok
1 verbose cli [ 'C:\\Program Files\\nodejs\\node.exe',
1 verbose cli   'C:\\Program Files\\nodejs\\node_modules\\npm\\bin\\npm-cli.js',
1 verbose cli   'run',
1 verbose cli   'create-api' ]
2 info using npm@3.10.3
3 info using node@v6.3.0
4 verbose run-script [ 'precreate-api', 'create-api', 'postcreate-api' ]
5 info lifecycle serverless-graphql@1.0.0~precreate-api: serverless-graphql@1.0.0
6 silly lifecycle serverless-graphql@1.0.0~precreate-api: no script for precreate-api, continuing
7 info lifecycle serverless-graphql@1.0.0~create-api: serverless-graphql@1.0.0
8 verbose lifecycle serverless-graphql@1.0.0~create-api: unsafe-perm in lifecycle true
9 verbose lifecycle serverless-graphql@1.0.0~create-api: PATH: C:\Program Files\nodejs\node_modules\npm\bin\node-gyp-bin;d:\users\c001shi\code\javascript\Jukebox\node_modules\.bin;C:\Program Files\nodejs;C:\ProgramData\Oracle\Java\javapath;C:\Program Files (x86)\CA\SC\CAWIN\;C:\windows\system32;C:\windows;C:\windows\System32\Wbem;C:\windows\System32\WindowsPowerShell\v1.0\;C:\PROGRA~2\CA\SC\CAM\bin;C:\Program Files (x86)\CA\SC\Csam\SockAdapter\bin;C:\Program Files (x86)\CA\SC\CBB\;C:\Program Files (x86)\CA\DSM\bin;C:\Program Files\Symantec\Symantec Endpoint Encryption Clients\;C:\Program Files\Git\cmd;C:\Program Files\nodejs\;C:\Program Files\mongodb\server\3.2\bin\;C:\Program Files\Amazon\AWSCLI\;D:\users\c001shi\AppData\Roaming\npm
10 verbose lifecycle serverless-graphql@1.0.0~create-api: CWD: d:\users\c001shi\code\javascript\Jukebox
11 silly lifecycle serverless-graphql@1.0.0~create-api: Args: [ '/d /s /c',
11 silly lifecycle   'D:/users/c001shi/code/javascript/jukebox/scripts/create-api.sh' ]
12 silly lifecycle serverless-graphql@1.0.0~create-api: Returned: code: 3221225786  signal: null
13 info lifecycle serverless-graphql@1.0.0~create-api: Failed to exec create-api script
14 verbose stack Error: serverless-graphql@1.0.0 create-api: `D:/users/c001shi/code/javascript/jukebox/scripts/create-api.sh`
14 verbose stack Exit status 3221225786
14 verbose stack     at EventEmitter.<anonymous> (C:\Program Files\nodejs\node_modules\npm\lib\utils\lifecycle.js:242:16)
14 verbose stack     at emitTwo (events.js:106:13)
14 verbose stack     at EventEmitter.emit (events.js:191:7)
14 verbose stack     at ChildProcess.<anonymous> (C:\Program Files\nodejs\node_modules\npm\lib\utils\spawn.js:40:14)
14 verbose stack     at emitTwo (events.js:106:13)
14 verbose stack     at ChildProcess.emit (events.js:191:7)
14 verbose stack     at maybeClose (internal/child_process.js:852:16)
14 verbose stack     at Process.ChildProcess._handle.onexit (internal/child_process.js:215:5)
15 verbose pkgid serverless-graphql@1.0.0
16 verbose cwd d:\users\c001shi\code\javascript\Jukebox
17 error Windows_NT 6.1.7601
18 error argv "C:\\Program Files\\nodejs\\node.exe" "C:\\Program Files\\nodejs\\node_modules\\npm\\bin\\npm-cli.js" "run" "create-api"
19 error node v6.3.0
20 error npm  v3.10.3
21 error code ELIFECYCLE
22 error serverless-graphql@1.0.0 create-api: `D:/users/c001shi/code/javascript/jukebox/scripts/create-api.sh`
22 error Exit status 3221225786
23 error Failed at the serverless-graphql@1.0.0 create-api script 'D:/users/c001shi/code/javascript/jukebox/scripts/create-api.sh'.
23 error Make sure you have the latest version of node.js and npm installed.
23 error If you do, this is most likely a problem with the serverless-graphql package,
23 error not with npm itself.
23 error Tell the author that this fails on your system:
23 error     D:/users/c001shi/code/javascript/jukebox/scripts/create-api.sh
23 error You can get information on how to open an issue for this project with:
23 error     npm bugs serverless-graphql
23 error Or if that isn't available, you can get their info via:
23 error     npm owner ls serverless-graphql
23 error There is likely additional logging output above.
24 verbose exit [ 1, true ]
